/uploads/ 404 GET - 147 - 4.657 ms
/v1/admin/all-deposits 200 POST {"status":""} 72 - 13.344 ms
/v1/admin/all-withdrawals 200 POST {"status":""} 75 - 9.328 ms
/v1/admin/all-rewards?skip=0&limit=10 304 GET - - - 45.716 ms
/v1/admin/total-income?income_type=sng_rewards 200 GET - 943 - 16.785 ms
/v1/admin/user-list 200 GET - 191171 - 69.104 ms
/v1/admin/get-user-details?user_id=25067 304 GET - - - 78.716 ms
/v1/admin/user-list 304 GET - - - 59.298 ms
/v1/admin/get-user-details?user_id=25067 304 GET - - - 67.555 ms
/v1/admin/user-list 304 GET - - - 56.818 ms
/v1/admin/get-user-details?user_id=25067 304 GET - - - 67.442 ms
/v1/admin/user-list 304 GET - - - 46.533 ms
/v1/admin/get-user-details?user_id=25067 304 GET - - - 56.562 ms
/v1/admin/user-list 304 GET - - - 44.146 ms
/v1/admin/get-user-details?user_id=25067 304 GET - - - 53.246 ms
/v1/admin/total-income?income_type=[object%20Object]&skip=0&limit=10 200 GET - 139 - 11.232 ms
/v1/admin/total-income?income_type=[object%20Object]&skip=0&limit=10 304 GET - - - 13.865 ms
/uploads/ 404 GET - 147 - 1.332 ms
/v1/admin/all-deposits 200 POST {"status":""} 72 - 8.003 ms
/v1/admin/all-withdrawals 200 POST {"status":""} 75 - 5.262 ms
/v1/admin/get-all-notification 304 GET - - - 4.370 ms
/v1/admin/all-rewards?skip=0&limit=10 304 GET - - - 9.872 ms
/v1/admin/booster-income?skip=0&limit=10 304 GET - - - 9.100 ms
/v1/admin/admin-list 304 GET - - - 7.845 ms
/v1/admin/dashboard 304 GET - - - 18.190 ms
/v1/admin/admin-list 304 GET - - - 4.592 ms
/v1/admin/total-income?income_type=[object%20Object]&skip=0&limit=10 304 GET - - - 8.626 ms
/v1/admin/total-income?income_type=[object%20Object]&skip=0&limit=10 304 GET - - - 10.049 ms
/v1/admin/total-income?income_type=[object%20Object]&skip=0&limit=10 304 GET - - - 8.446 ms
/v1/admin/total-income?income_type=[object%20Object]&skip=0&limit=10 304 GET - - - 6.536 ms
/v1/admin/total-income?income_type=[object%20Object]&skip=0&limit=10 304 GET - - - 7.505 ms
/v1/admin/total-income?income_type=[object%20Object]&skip=0&limit=10 304 GET - - - 10.703 ms
/v1/admin/total-income?income_type=[object%20Object]&skip=0&limit=10 304 GET - - - 8.006 ms
/v1/admin/login 200 POST {"email":"admin@sng.in","password":"Abcd@123"} 496 - 96.253 ms
/v1/admin/dashboard 304 GET - - - 15.006 ms
/v1/admin/total-income?income_type=[object%20Object]&skip=0&limit=10 304 GET - - - 9.740 ms
/v1/admin/total-income?income_type=[object%20Object]&skip=0&limit=10 304 GET - - - 11.135 ms
/v1/admin/total-income?income_type=[object%20Object]&skip=0&limit=10 304 GET - - - 8.524 ms
/v1/admin/total-income?income_type=[object%20Object]&skip=0&limit=10 304 GET - - - 9.130 ms
/v1/admin/total-income?income_type=[object%20Object]&skip=0&limit=10 304 GET - - - 7.520 ms
/v1/admin/total-income?income_type=[object%20Object]&skip=0&limit=10 304 GET - - - 8.615 ms
/v1/admin/total-income?income_type=[object%20Object]&skip=0&limit=10 304 GET - - - 8.977 ms
/v1/admin/total-income?income_type=[object%20Object]&skip=0&limit=10 304 GET - - - 8.058 ms
/v1/admin/total-income?income_type=[object%20Object]&skip=0&limit=10 304 GET - - - 7.421 ms
/v1/admin/user-list 304 GET - - - 56.837 ms
/v1/admin/dashboard 304 GET - - - 17.197 ms
/v1/admin/total-income?income_type=[object%20Object]&skip=0&limit=10 304 GET - - - 12.273 ms
/v1/admin/total-income?income_type=[object%20Object]&skip=0&limit=10 304 GET - - - 11.859 ms
/v1/admin/all-withdrawals 200 POST {"status":""} 75 - 4.492 ms
/v1/admin/dashboard 304 GET - - - 19.869 ms
/uploads/ 404 GET - 147 - 1.842 ms
/v1/admin/all-deposits 200 POST {"status":""} 72 - 6.329 ms
/v1/admin/dashboard 304 GET - - - 20.764 ms
/v1/admin/user-list 304 GET - - - 38.437 ms
/v1/admin/total-income?income_type=[object%20Object]&skip=0&limit=10 304 GET - - - 10.401 ms
/v1/admin/dashboard 304 GET - - - 13.846 ms
/v1/stake/stacking-history 304 GET - - - 26.690 ms
/v1/admin/total-income?income_type=sng_rewards&skip=0&limit=10 200 GET - 943 - 11.273 ms
/v1/admin/total-income?income_type=sng_roi&skip=0&limit=10 200 GET - 4627 - 9.412 ms
/v1/admin/total-income?income_type=sng_roi&skip=0&limit=10 304 GET - - - 13.250 ms
/v1/admin/total-income?income_type=sng_level&skip=0&limit=10 200 GET - 4485 - 9.080 ms
/v1/admin/total-income?income_type=sng_roi&skip=0&limit=10 304 GET - - - 11.349 ms
/v1/admin/user-list 304 GET - - - 37.740 ms
/v1/admin/total-income?income_type=sng_roi&skip=0&limit=10 304 GET - - - 9.748 ms
/v1/admin/total-income?income_type=sng_level&skip=0&limit=10 304 GET - - - 8.107 ms
/v1/admin/total-income?income_type=sng_direct&skip=0&limit=10 200 GET - 139 - 9.907 ms
/v1/admin/total-income?income_type=sng_rewards&skip=0&limit=10 304 GET - - - 8.529 ms
/v1/stake/stacking-history 304 GET - - - 30.953 ms
/v1/admin/total-income?income_type=sng_roi&skip=0&limit=10 304 GET - - - 10.263 ms
/v1/admin/total-income?income_type=sng_roi&skip=0&limit=10 304 GET - - - 8.659 ms
/v1/admin/total-income?income_type=sng_roi&skip=0&limit=10 304 GET - - - 12.189 ms
/v1/admin/total-income?income_type=sng_level&skip=0&limit=10 304 GET - - - 11.863 ms
/v1/admin/total-income?income_type=sng_roi&skip=0&limit=10 304 GET - - - 9.714 ms
/v1/admin/total-income?income_type=sng_roi&skip=0&limit=10 304 GET - - - 9.932 ms
/v1/admin/total-income?income_type=sng_level&skip=0&limit=10 304 GET - - - 9.796 ms
/v1/admin/total-income?income_type=sng_level&skip=0&limit=10 304 GET - - - 10.439 ms
/v1/admin/total-income?income_type=sng_direct&skip=0&limit=10 304 GET - - - 8.791 ms
/v1/admin/total-income?income_type=sng_direct&skip=0&limit=10 304 GET - - - 10.455 ms
/v1/admin/total-income?income_type=sng_direct&skip=0&limit=10 304 GET - - - 8.734 ms
/v1/admin/total-income?income_type=sng_direct&skip=0&limit=10 304 GET - - - 7.033 ms
/v1/admin/total-income?income_type=sng_roi&skip=0&limit=10 304 GET - - - 8.812 ms
/v1/admin/total-income?income_type=sng_roi&skip=0&limit=10 304 GET - - - 11.176 ms
/v1/admin/total-income?income_type=sng_level&skip=0&limit=10 304 GET - - - 10.120 ms
/v1/admin/total-income?income_type=sng_level&skip=0&limit=10 304 GET - - - 9.334 ms
/v1/admin/total-income?income_type=sng_direct&skip=0&limit=10 304 GET - - - 8.381 ms
/v1/admin/total-income?income_type=sng_direct&skip=0&limit=10 304 GET - - - 7.239 ms
/v1/admin/total-income?income_type=sng_rewards&skip=0&limit=10 304 GET - - - 8.335 ms
/v1/admin/total-income?income_type=sng_rewards&skip=0&limit=10 304 GET - - - 8.710 ms
/v1/admin/total-income?income_type=sng_roi&skip=0&limit=10 304 GET - - - 8.989 ms
/v1/admin/total-income?income_type=sng_roi&skip=0&limit=10 304 GET - - - 9.367 ms
/v1/admin/total-income?income_type=sng_roi&skip=NaN&limit=10 200 GET - 4627 - 9.252 ms
/v1/admin/total-income?income_type=sng_roi&skip=NaN&limit=10 304 GET - - - 8.890 ms
/v1/admin/total-income?income_type=sng_roi&skip=NaN&limit=10 304 GET - - - 10.826 ms
/v1/admin/total-income?income_type=sng_roi&skip=NaN&limit=10 304 GET - - - 7.852 ms
/v1/admin/total-income?income_type=sng_roi&skip=NaN&limit=10 304 GET - - - 11.433 ms
/v1/user/login 200 POST {"user_id":"611899","password":"Test@123"} 657 - 90.790 ms
/v1/user/user-details 200 GET - 803 - 20.476 ms
/v1/user/dashboard 304 GET - - - 28.944 ms
/v1/admin/get-all-notification 403 GET - 102 - 3.404 ms
/v1/admin/get-all-classic-news 403 GET - 102 - 1.177 ms
/v1/wallet/balance 304 GET - - - 5.940 ms
/v1/admin/admin-stacking-transfer-history 304 GET - - - 25.987 ms
/v1/admin/total-income?income_type=sng_roi&skip=[object%20Object]&limit=10 200 GET - 4627 - 11.904 ms
/v1/admin/total-income?income_type=sng_roi&skip=[object%20Object]&limit=10 304 GET - - - 10.559 ms
/v1/admin/total-income?income_type=sng_roi&skip=[object%20Object]&limit=10 304 GET - - - 8.712 ms
/v1/user/login 200 POST {"user_id":"611899","password":"Test@123"} 657 - 79.372 ms
/v1/user/user-details 200 GET - 803 - 16.957 ms
/v1/user/dashboard 200 GET - 477 - 21.047 ms
/v1/admin/get-all-notification 403 GET - 102 - 1.765 ms
/v1/admin/get-all-classic-news 403 GET - 102 - 1.720 ms
/v1/wallet/balance 200 GET - 344 - 4.675 ms
/v1/admin/total-income?income_type=sng_roi&skip=0&limit=10 304 GET - - - 8.161 ms
/v1/admin/total-income?income_type=sng_roi&skip=0&limit=10 304 GET - - - 10.661 ms
/v1/admin/total-income?income_type=sng_level&skip=0&limit=10 304 GET - - - 11.331 ms
/v1/admin/total-income?income_type=sng_direct&skip=0&limit=10 304 GET - - - 9.898 ms
/v1/admin/total-income?income_type=sng_direct&skip=0&limit=10 304 GET - - - 12.667 ms
/v1/admin/total-income?income_type=sng_direct&skip=0&limit=10 304 GET - - - 8.699 ms
/v1/admin/total-income?income_type=sng_direct&skip=0&limit=10 304 GET - - - 6.850 ms
/v1/admin/total-income?income_type=sng_direct&skip=0&limit=10 304 GET - - - 7.163 ms
/v1/admin/total-income?income_type=sng_direct&skip=0&limit=10 304 GET - - - 9.051 ms
/v1/admin/total-income?income_type=sng_direct&skip=0&limit=10 304 GET - - - 9.821 ms
/v1/admin/total-income?income_type=sng_direct&skip=0&limit=10 304 GET - - - 7.608 ms
/v1/admin/total-income?income_type=sng_direct&skip=0&limit=10 304 GET - - - 8.680 ms
/v1/admin/total-income?income_type=sng_direct&skip=0&limit=10 304 GET - - - 9.308 ms
/v1/admin/total-income?income_type=sng_direct&skip=0&limit=10 304 GET - - - 8.130 ms
/v1/admin/total-income?income_type=sng_direct&skip=0&limit=10 304 GET - - - 7.061 ms
/v1/admin/total-income?income_type=sng_direct&skip=0&limit=10 304 GET - - - 10.265 ms
/v1/admin/total-income?income_type=sng_direct&skip=0&limit=10 304 GET - - - 7.883 ms
/v1/admin/total-income?income_type=sng_direct&skip=0&limit=10 304 GET - - - 8.236 ms
/v1/admin/total-income?income_type=sng_direct&skip=0&limit=10 304 GET - - - 10.605 ms
/v1/admin/total-income?income_type=sng_direct&skip=0&limit=10 304 GET - - - 8.796 ms
/v1/admin/total-income?income_type=sng_direct&skip=0&limit=10 304 GET - - - 7.465 ms
/v1/admin/total-income?income_type=sng_direct&skip=0&limit=10 304 GET - - - 7.441 ms
/v1/admin/total-income?income_type=sng_direct&skip=0&limit=10 304 GET - - - 9.645 ms
/v1/admin/total-income?income_type=sng_direct&skip=0&limit=10 304 GET - - - 6.889 ms
/v1/admin/total-income?income_type=sng_direct&skip=0&limit=10 304 GET - - - 8.889 ms
/v1/admin/total-income?income_type=sng_direct&skip=0&limit=10 304 GET - - - 8.391 ms
/v1/admin/total-income?income_type=sng_direct&skip=0&limit=10 304 GET - - - 7.052 ms
/v1/admin/total-income?income_type=sng_direct&skip=0&limit=10 304 GET - - - 7.991 ms
/v1/admin/total-income?income_type=sng_direct&skip=0&limit=10 304 GET - - - 8.953 ms
/v1/admin/total-income?income_type=sng_direct&skip=0&limit=10 304 GET - - - 10.266 ms
/v1/admin/total-income?income_type=sng_direct&skip=0&limit=10 304 GET - - - 6.948 ms
/v1/admin/admin-fund-transfer-history 304 GET - - - 62.514 ms
/v1/admin/total-income?income_type=sng_direct&skip=0&limit=10 304 GET - - - 9.434 ms
/v1/admin/dashboard 304 GET - - - 18.113 ms
/v1/admin/dashboard 304 GET - - - 12.967 ms
/v1/admin/dashboard 304 GET - - - 13.317 ms
/v1/admin/dashboard 304 GET - - - 12.242 ms
/v1/admin/dashboard 304 GET - - - 13.439 ms
/v1/admin/dashboard 304 GET - - - 15.366 ms
/v1/admin/dashboard 304 GET - - - 12.523 ms
/v1/admin/dashboard 304 GET - - - 11.600 ms
/v1/admin/dashboard 304 GET - - - 13.871 ms
/v1/admin/dashboard 304 GET - - - 15.771 ms
/v1/admin/dashboard 304 GET - - - 12.444 ms
/v1/admin/dashboard 304 GET - - - 12.889 ms
/v1/admin/dashboard 304 GET - - - 14.799 ms
/v1/admin/dashboard 304 GET - - - 12.671 ms
/uploads/ 404 GET - 147 - 1.600 ms
/v1/admin/all-deposits 200 POST {"status":""} 72 - 5.201 ms
/v1/admin/dashboard 304 GET - - - 14.390 ms
/v1/admin/dashboard 304 GET - - - 15.917 ms
/v1/admin/dashboard 304 GET - - - 15.011 ms
/v1/admin/dashboard 304 GET - - - 12.546 ms
/v1/admin/dashboard 304 GET - - - 14.515 ms
/v1/admin/dashboard 304 GET - - - 12.636 ms
/v1/admin/dashboard 304 GET - - - 16.207 ms
/v1/admin/dashboard 304 GET - - - 13.087 ms
/v1/admin/dashboard 304 GET - - - 15.160 ms
/v1/admin/dashboard 304 GET - - - 12.443 ms
/v1/admin/dashboard 304 GET - - - 13.458 ms
/v1/admin/dashboard 304 GET - - - 12.018 ms
/v1/admin/dashboard 304 GET - - - 11.850 ms
/v1/admin/dashboard 304 GET - - - 16.585 ms
/v1/admin/dashboard 304 GET - - - 12.984 ms
/v1/admin/dashboard 304 GET - - - 14.220 ms
/v1/admin/dashboard 304 GET - - - 15.863 ms
/v1/admin/dashboard 304 GET - - - 14.875 ms
/v1/admin/dashboard 304 GET - - - 16.234 ms
/v1/admin/dashboard 304 GET - - - 12.725 ms
/v1/admin/dashboard 304 GET - - - 17.274 ms
/v1/admin/get-all-notification 304 GET - - - 4.477 ms
/v1/admin/dashboard 304 GET - - - 12.288 ms
/v1/admin/dashboard 304 GET - - - 13.241 ms
/v1/admin/dashboard 304 GET - - - 11.789 ms
/v1/admin/dashboard 304 GET - - - 11.714 ms
/v1/admin/user-list 200 GET - 191171 - 50.479 ms
/v1/admin/get-user-details?user_id=25067 304 GET - - - 21.834 ms
/v1/admin/reward-for-user?user_id=25067&skip=[object%20Object]&limit=10 200 GET - 112 - 14.010 ms
/v1/admin/reward-for-user?user_id=25067&skip=[object%20Object]&limit=10 304 GET - - - 8.898 ms
/v1/admin/booster-income?skip=0&limit=10 304 GET - - - 8.078 ms
/v1/admin/user-list 304 GET - - - 30.944 ms
/v1/admin/get-user-details?user_id=25067 304 GET - - - 13.986 ms
/v1/admin/total-income-for-user?user_id=25067&income_type=sng_roi&skip=[object%20Object]&limit=10 304 GET - - - 8.674 ms
/v1/admin/total-income?income_type=sng_roi&skip=0&limit=10 304 GET - - - 9.556 ms
/v1/admin/user-list 304 GET - - - 35.321 ms
/v1/admin/get-user-details?user_id=25067 304 GET - - - 15.931 ms
/v1/admin/get-user-details?user_id=25067 304 GET - - - 14.280 ms
/v1/admin/user-list 304 GET - - - 37.877 ms
/v1/admin/user-list 304 GET - - - 37.395 ms
/v1/admin/get-user-details?user_id=25067 304 GET - - - 52.533 ms
/v1/admin/get-user-details?user_id=25067 304 GET - - - 12.035 ms
/v1/admin/reward-for-user?user_id=25067&skip=0&limit=10 200 GET - 112 - 10.102 ms
/v1/admin/get-user-details?user_id=25067 304 GET - - - 9.789 ms
/v1/admin/user-list 304 GET - - - 32.664 ms
/v1/admin/get-user-details?user_id=621241 200 GET - 1805 - 12.791 ms
/v1/admin/reward-for-user?user_id=621241&skip=0&limit=10 200 GET - 971 - 9.291 ms
/v1/admin/user-list 304 GET - - - 30.308 ms
/v1/admin/all-user-backup 200 GET - 18314 - 11.447 ms
/v1/admin/all-user-backup 304 GET - - - 10.466 ms
/v1/admin/all-user-backup 304 GET - - - 11.538 ms
/v1/admin/all-user-backup 304 GET - - - 9.865 ms
/v1/admin/all-user-backup 304 GET - - - 14.715 ms
/v1/admin/all-user-backup 304 GET - - - 11.751 ms
/v1/admin/all-user-backup 304 GET - - - 10.882 ms
/v1/admin/all-user-backup 304 GET - - - 11.312 ms
/v1/admin/all-user-backup 304 GET - - - 12.111 ms
/v1/admin/all-user-backup 304 GET - - - 10.080 ms
/v1/admin/all-user-backup 304 GET - - - 10.800 ms
/v1/admin/all-user-backup 304 GET - - - 10.427 ms
/v1/admin/all-user-backup 304 GET - - - 11.342 ms
/v1/admin/all-user-backup 304 GET - - - 9.466 ms
/v1/admin/all-user-backup 304 GET - - - 10.945 ms
/v1/admin/all-user-backup 304 GET - - - 11.187 ms
/v1/admin/all-user-backup 304 GET - - - 10.084 ms
/v1/admin/all-user-backup 304 GET - - - 13.009 ms
/v1/admin/all-user-backup 304 GET - - - 10.768 ms
/v1/admin/all-user-backup 304 GET - - - 11.033 ms
/v1/admin/all-user-backup 304 GET - - - 12.359 ms
/v1/admin/all-user-backup 304 GET - - - 10.527 ms
/v1/admin/all-user-backup 304 GET - - - 11.947 ms
/v1/admin/all-user-backup 304 GET - - - 10.332 ms
/v1/admin/all-user-backup 304 GET - - - 8.984 ms
/v1/admin/all-user-backup 304 GET - - - 12.888 ms
/v1/admin/user-list 304 GET - - - 49.101 ms
/v1/admin/all-user-backup 304 GET - - - 13.509 ms
/v1/admin/user-list 304 GET - - - 33.774 ms
/v1/admin/get-user-details?user_id=25067 304 GET - - - 11.072 ms
/v1/admin/all-user-backup 304 GET - - - 11.391 ms
/v1/admin/all-user-backup 304 GET - - - 11.216 ms
/v1/admin/user-list 304 GET - - - 33.115 ms
/v1/admin/get-user-details?user_id=25067 304 GET - - - 10.227 ms
/v1/admin/get-user-details?user_id=25067 304 GET - - - 9.805 ms
/v1/admin/get-user-details?user_id=25067 304 GET - - - 9.923 ms
/v1/admin/get-user-details?user_id=25067 304 GET - - - 11.494 ms
/v1/admin/get-user-details?user_id=25067 304 GET - - - 11.136 ms
/v1/admin/get-user-details?user_id=25067 304 GET - - - 10.473 ms
/v1/admin/get-user-details?user_id=25067 304 GET - - - 11.632 ms
/v1/admin/update-user-staking-status 200 POST {"user_id":"197726","staking_status":"ACTIVE"} 120 - 8.443 ms
/v1/admin/get-user-details?user_id=25067 304 GET - - - 25.544 ms
/v1/admin/get-user-details?user_id=25067 304 GET - - - 15.053 ms
/v1/admin/get-user-details?user_id=25067 304 GET - - - 12.358 ms
/v1/admin/get-user-details?user_id=25067 304 GET - - - 11.968 ms
/v1/admin/get-user-details?user_id=25067 304 GET - - - 11.762 ms
/v1/admin/get-user-details?user_id=25067 304 GET - - - 12.077 ms
/v1/admin/get-user-details?user_id=25067 304 GET - - - 9.237 ms
/v1/admin/get-user-details?user_id=25067 304 GET - - - 9.990 ms
/v1/admin/get-user-details?user_id=25067 304 GET - - - 12.129 ms
/v1/admin/get-user-details?user_id=25067 304 GET - - - 13.993 ms
/v1/admin/get-user-details?user_id=25067 304 GET - - - 12.626 ms
/v1/admin/get-user-details?user_id=25067 304 GET - - - 14.355 ms
/v1/admin/get-user-details?user_id=25067 304 GET - - - 10.989 ms
/v1/admin/get-user-details?user_id=25067 304 GET - - - 12.828 ms
/v1/admin/get-user-details?user_id=25067 304 GET - - - 12.771 ms
/v1/admin/get-user-details?user_id=25067 304 GET - - - 10.955 ms
/v1/admin/get-user-details?user_id=25067 304 GET - - - 10.361 ms
/v1/admin/user-list 200 GET - 191171 - 38.053 ms
/v1/admin/get-user-details?user_id=25067 304 GET - - - 10.153 ms
/v1/admin/user-list 304 GET - - - 47.780 ms
/v1/admin/user-list 304 GET - - - 35.037 ms
/v1/admin/get-user-details?user_id=25067 304 GET - - - 14.573 ms
/v1/admin/user-list 304 GET - - - 38.639 ms
/v1/admin/user-list 304 GET - - - 36.638 ms
/v1/admin/get-user-details?user_id=25067 304 GET - - - 12.347 ms
/v1/admin/user-list 304 GET - - - 29.953 ms
/v1/admin/get-user-details?user_id=25067 304 GET - - - 9.639 ms
/v1/admin/get-user-details?user_id=25067 304 GET - - - 10.515 ms
/v1/admin/get-user-details?user_id=25067 304 GET - - - 9.207 ms
/v1/admin/update-user-staking-status 400 POST {"user_id":"25067","staking_status":"inactive"} 82 - 2.158 ms
/v1/admin/get-user-details?user_id=25067 304 GET - - - 10.739 ms
/v1/admin/get-user-details?user_id=25067 304 GET - - - 8.467 ms
/v1/admin/get-user-details?user_id=25067 304 GET - - - 9.013 ms
/v1/admin/get-user-details?user_id=25067 304 GET - - - 10.189 ms
/v1/admin/get-user-details?user_id=25067 304 GET - - - 13.008 ms
/v1/admin/update-user-staking-status 200 POST {"user_id":"25067","staking_status":"INACTIVE"} 123 - 4.729 ms
/v1/admin/get-user-details?user_id=25067 200 GET - 1783 - 9.751 ms
/v1/admin/user-list 200 GET - 191173 - 36.355 ms
/v1/admin/user-list 304 GET - - - 37.865 ms
/v1/admin/admin-list 304 GET - - - 7.436 ms
/v1/admin/user-list 304 GET - - - 31.217 ms
/v1/admin/get-user-details?user_id=25067 304 GET - - - 12.440 ms
/v1/admin/update-user-staking-status 200 POST {"user_id":"25067","staking_status":"ACTIVE"} 119 - 7.441 ms
/v1/admin/get-user-details?user_id=25067 200 GET - 1781 - 11.524 ms
/v1/admin/update-user-staking-status 200 POST {"user_id":"25067","staking_status":"INACTIVE"} 123 - 6.102 ms
/v1/admin/get-user-details?user_id=25067 200 GET - 1783 - 10.332 ms
/v1/admin/get-user-details?user_id=25067 304 GET - - - 10.307 ms
/v1/admin/get-user-details?user_id=25067 304 GET - - - 12.257 ms
/v1/admin/get-user-details?user_id=25067 304 GET - - - 13.685 ms
/v1/admin/get-user-details?user_id=25067 304 GET - - - 11.971 ms
/v1/admin/get-user-details?user_id=25067 304 GET - - - 11.338 ms
/v1/admin/get-user-details?user_id=25067 304 GET - - - 11.915 ms
/v1/admin/get-user-details?user_id=25067 304 GET - - - 10.583 ms
/v1/admin/get-user-details?user_id=25067 304 GET - - - 9.840 ms
/v1/admin/get-user-details?user_id=25067 304 GET - - - 10.556 ms
/v1/admin/update-user-staking-status 200 POST {"user_id":"25067","staking_status":"ACTIVE"} 119 - 5.287 ms
/v1/admin/get-user-details?user_id=25067 200 GET - 1781 - 9.942 ms
/v1/admin/update-user-staking-status 200 POST {"user_id":"25067","staking_status":"INACTIVE"} 123 - 5.788 ms
/v1/admin/get-user-details?user_id=25067 200 GET - 1783 - 9.855 ms
/v1/admin/user-list 200 GET - 191173 - 34.518 ms
/v1/admin/get-user-details?user_id=25067 304 GET - - - 19.981 ms
/v1/admin/get-user-details?user_id=25067 304 GET - - - 12.107 ms
/v1/admin/get-user-details?user_id=25067 304 GET - - - 12.500 ms
/v1/admin/get-user-details?user_id=25067 304 GET - - - 9.582 ms
/v1/admin/get-user-details?user_id=25067 304 GET - - - 10.204 ms
/v1/admin/get-user-details?user_id=25067 304 GET - - - 10.595 ms
/v1/admin/get-user-details?user_id=25067 304 GET - - - 11.814 ms
/v1/admin/get-user-details?user_id=25067 304 GET - - - 8.935 ms
/v1/admin/get-user-details?user_id=25067 304 GET - - - 7.915 ms
/v1/admin/get-user-details?user_id=25067 304 GET - - - 12.359 ms
/v1/admin/get-user-details?user_id=25067 304 GET - - - 11.978 ms
/v1/admin/get-user-details?user_id=25067 304 GET - - - 10.161 ms
/v1/admin/get-user-details?user_id=25067 304 GET - - - 11.198 ms
/v1/admin/get-user-details?user_id=25067 304 GET - - - 14.165 ms
/v1/admin/get-user-details?user_id=25067 304 GET - - - 11.834 ms
/v1/admin/get-user-details?user_id=25067 304 GET - - - 11.075 ms
/v1/admin/get-user-details?user_id=25067 304 GET - - - 12.454 ms
/v1/admin/user-list 304 GET - - - 58.265 ms
/v1/admin/get-user-details?user_id=25067 304 GET - - - 67.505 ms
/v1/admin/user-list 304 GET - - - 51.264 ms
/v1/admin/get-user-details?user_id=25067 304 GET - - - 53.590 ms
/v1/admin/user-list 304 GET - - - 30.953 ms
/v1/admin/get-user-details?user_id=25067 304 GET - - - 8.992 ms
/v1/admin/user-list 304 GET - - - 23.810 ms
/v1/admin/get-user-details?user_id=25067 304 GET - - - 9.845 ms
/v1/admin/user-list 304 GET - - - 28.201 ms
/v1/admin/get-user-details?user_id=25067 304 GET - - - 10.666 ms
/v1/admin/get-user-details?user_id=25067 304 GET - - - 9.965 ms
/v1/admin/user-list 304 GET - - - 31.878 ms
/v1/admin/user-list 304 GET - - - 26.393 ms
/v1/admin/user-list 304 GET - - - 26.639 ms
/v1/admin/user-list 304 GET - - - 25.538 ms
/v1/admin/user-list 304 GET - - - 25.766 ms
/v1/admin/user-list 304 GET - - - 25.492 ms
/v1/admin/user-list 304 GET - - - 23.520 ms
/v1/admin/get-user-details?user_id=25067 304 GET - - - 11.016 ms
/v1/admin/user-direct-referred?id=[object%20Object]&index=0 200 GET - 97 - 7.356 ms
/v1/admin/user-direct-referred?id=[object%20Object]&index=0 304 GET - - - 6.067 ms
/v1/admin/user-direct-referred?id=[object%20Object]&index=0 304 GET - - - 7.858 ms
/v1/admin/get-user-details?user_id=25067 304 GET - - - 12.258 ms
/v1/admin/get-user-details?user_id=25067 304 GET - - - 10.169 ms
/v1/admin/get-user-details?user_id=25067 304 GET - - - 10.766 ms
/v1/admin/get-user-details?user_id=25067 304 GET - - - 9.373 ms
/v1/admin/get-user-details?user_id=25067 304 GET - - - 9.880 ms
/v1/admin/get-user-details?user_id=25067 304 GET - - - 9.633 ms
/v1/admin/user-direct-referred?id=685b7f8157000e30fe39bf5d&index=0 200 GET - 97 - 7.574 ms
/v1/admin/user-list 304 GET - - - 33.937 ms
/v1/admin/get-user-details?user_id=215558 200 GET - 865 - 10.829 ms
/v1/admin/user-direct-referred?id=6858f766b13ae8ef408e83ae&index=0 200 GET - 1459 - 16.737 ms
/v1/admin/user-direct-referred?id=6858f766b13ae8ef408e83ae&index=0 304 GET - - - 18.524 ms
/v1/admin/get-user-details?user_id=25067 304 GET - - - 17.434 ms
/v1/admin/get-user-details?user_id=215558 304 GET - - - 18.860 ms
/v1/admin/get-user-details?user_id=215558 304 GET - - - 9.793 ms
/v1/admin/get-user-details?user_id=25067 304 GET - - - 8.926 ms
/v1/admin/user-direct-referred?id=6858f766b13ae8ef408e83ae&index=0 304 GET - - - 13.392 ms
/v1/admin/user-list 304 GET - - - 31.431 ms
/v1/admin/get-user-details?user_id=25067 304 GET - - - 12.517 ms
/v1/admin/user-direct-referred?id=685b7f8157000e30fe39bf5d&index=0 304 GET - - - 8.396 ms
/v1/admin/user-list 304 GET - - - 28.686 ms
/v1/admin/get-user-details?user_id=215558 304 GET - - - 8.966 ms
/v1/admin/user-direct-referred?id=6858f766b13ae8ef408e83ae&index=0 304 GET - - - 15.338 ms
/v1/admin/user-direct-referred?id=6858f766b13ae8ef408e83ae&index=0 304 GET - - - 17.104 ms
/v1/admin/user-direct-referred?id=6858f766b13ae8ef408e83ae&index=0 304 GET - - - 14.158 ms
/v1/admin/user-direct-referred?id=6858f766b13ae8ef408e83ae&index=0 304 GET - - - 15.055 ms
/v1/admin/user-direct-referred?id=6858f766b13ae8ef408e83ae&index=0 304 GET - - - 13.235 ms
/v1/admin/user-direct-referred?id=6858f766b13ae8ef408e83ae&index=0 304 GET - - - 14.780 ms
/v1/admin/user-direct-referred?id=6858f766b13ae8ef408e83ae&index=0 304 GET - - - 11.805 ms
/v1/admin/reward-for-user?user_id=215558&skip=0&limit=10 200 GET - 112 - 13.652 ms
/v1/admin/user-direct-referred?id=6858f766b13ae8ef408e83ae&index=0 304 GET - - - 13.141 ms
/v1/admin/get-user-details?user_id=215558 304 GET - - - 17.188 ms
/v1/admin/get-user-details?user_id=25067 304 GET - - - 17.827 ms
/v1/admin/get-user-details?user_id=25067 304 GET - - - 19.904 ms
/v1/admin/get-user-details?user_id=215558 304 GET - - - 20.943 ms
/v1/referral/direct_referral?id=68590098ea021249c63cbe38&index=0 304 GET - - - 7.504 ms
/v1/user/login 200 POST {"user_id":"215558","password":"Test@123"} 643 - 94.864 ms
/v1/admin/get-all-classic-news 403 GET - 102 - 6.314 ms
/v1/admin/get-all-notification 403 GET - 102 - 5.646 ms
/v1/wallet/balance 200 GET - 343 - 18.698 ms
/v1/user/user-details 200 GET - 685 - 47.247 ms
/v1/user/dashboard 200 GET - 679 - 55.975 ms
/v1/referral/direct_referral?id=6858f766b13ae8ef408e83ae&index=0 200 GET - 1451 - 18.164 ms
/v1/admin/user-direct-referred?id=6858f766b13ae8ef408e83ae&index=0 304 GET - - - 12.704 ms
/v1/admin/user-list 200 GET - 191173 - 31.396 ms
/v1/admin/get-user-details?user_id=25067 304 GET - - - 15.334 ms
/v1/admin/user-direct-referred?id=685b7f8157000e30fe39bf5d&index=0 304 GET - - - 8.174 ms
/v1/admin/user-list 304 GET - - - 32.117 ms
/v1/admin/get-user-details?user_id=215558 200 GET - 865 - 10.230 ms
/v1/admin/user-direct-referred?id=6858f766b13ae8ef408e83ae&index=0 304 GET - - - 12.026 ms
/v1/admin/user-list 304 GET - - - 33.875 ms
/v1/admin/booster-income?skip=0&limit=10 304 GET - - - 10.115 ms
/v1/admin/booster-income?skip=0&limit=10 304 GET - - - 7.059 ms
/v1/admin/booster-income?skip=0&limit=10 304 GET - - - 9.201 ms
/v1/admin/booster-income?skip=0&limit=10 304 GET - - - 7.441 ms
/v1/admin/booster-income?skip=0&limit=10 304 GET - - - 8.007 ms
/v1/admin/booster-income?skip=0&limit=10 304 GET - - - 10.151 ms
/v1/admin/booster-income?skip=0&limit=10 304 GET - - - 6.997 ms
/v1/admin/booster-income?skip=0&limit=10 304 GET - - - 6.643 ms
/v1/admin/booster-income?skip=0&limit=10 304 GET - - - 7.392 ms
/v1/admin/booster-income?skip=0&limit=10 304 GET - - - 8.513 ms
/v1/admin/booster-income?skip=0&limit=10 304 GET - - - 7.799 ms
/v1/admin/booster-income?skip=0&limit=10 304 GET - - - 6.853 ms
/v1/admin/booster-income?skip=0&limit=10 304 GET - - - 8.822 ms
/v1/admin/booster-income?skip=0&limit=10 304 GET - - - 7.570 ms
/v1/admin/booster-income?skip=0&limit=10 304 GET - - - 9.895 ms
/v1/admin/booster-income?skip=0&limit=10 304 GET - - - 9.262 ms
/v1/admin/booster-income?skip=0&limit=10 304 GET - - - 8.461 ms
/v1/admin/booster-income?skip=0&limit=10 304 GET - - - 8.171 ms
/v1/admin/booster-income?skip=0&limit=10 304 GET - - - 10.942 ms
/v1/admin/booster-income?skip=0&limit=10 304 GET - - - 10.271 ms
/v1/admin/all-rewards?skip=0&limit=10 304 GET - - - 12.682 ms
/v1/admin/all-rewards?skip=0&limit=10 304 GET - - - 10.957 ms
/v1/admin/all-rewards?skip=0&limit=10 304 GET - - - 8.266 ms
/v1/admin/all-rewards?skip=0&limit=10 304 GET - - - 9.231 ms
/v1/admin/all-rewards?skip=0&limit=10 304 GET - - - 7.788 ms
/v1/admin/all-rewards?skip=0&limit=10 304 GET - - - 9.739 ms
/v1/admin/all-rewards?skip=0&limit=10 304 GET - - - 9.324 ms
/v1/admin/all-rewards?skip=0&limit=10 304 GET - - - 7.740 ms
/v1/admin/all-rewards?skip=0&limit=10 304 GET - - - 10.479 ms
/v1/admin/all-rewards?skip=0&limit=10 304 GET - - - 7.318 ms
/v1/admin/all-rewards?skip=0&limit=10 304 GET - - - 9.413 ms
/v1/admin/all-rewards?skip=0&limit=10 304 GET - - - 13.784 ms
/v1/admin/all-rewards?skip=0&limit=10 304 GET - - - 10.029 ms
/v1/admin/all-rewards?skip=0&limit=10 304 GET - - - 7.463 ms
/v1/admin/all-rewards?skip=0&limit=10 304 GET - - - 11.481 ms
/v1/admin/all-rewards?skip=0&limit=10 304 GET - - - 10.681 ms
/v1/admin/all-rewards?skip=0&limit=10 304 GET - - - 10.356 ms
/v1/admin/all-rewards?skip=0&limit=10 304 GET - - - 8.847 ms
/v1/admin/all-rewards?skip=0&limit=10 304 GET - - - 12.265 ms
/v1/admin/all-rewards?skip=0&limit=10 304 GET - - - 8.285 ms
/v1/admin/all-rewards?skip=0&limit=10 304 GET - - - 11.001 ms
/v1/admin/all-rewards?skip=0&limit=10 304 GET - - - 8.489 ms
/v1/admin/all-rewards?skip=0&limit=10 304 GET - - - 10.550 ms
/v1/admin/booster-income?skip=0&limit=10 304 GET - - - 8.089 ms
/v1/admin/total-income?income_type=sng_roi&skip=0&limit=10 304 GET - - - 8.944 ms
/v1/admin/all-rewards?skip=0&limit=10 304 GET - - - 8.454 ms
/v1/admin/total-income?income_type=sng_roi&skip=0&limit=10 304 GET - - - 9.059 ms
/v1/admin/total-income?income_type=sng_roi&skip=0&limit=10 304 GET - - - 12.687 ms
/v1/admin/login 200 POST {"email":"admin@sng.in","password":"Abcd@123"} 496 - 87.056 ms
/v1/admin/dashboard 200 GET - 260 - 20.632 ms
/v1/admin/user-list 200 GET - 191173 - 38.341 ms
/v1/admin/get-user-details?user_id=25067 200 GET - 1783 - 11.877 ms
/v1/admin/user-list 304 GET - - - 36.060 ms
/v1/admin/get-user-details?user_id=25067 304 GET - - - 10.868 ms
/v1/admin/login 200 POST {"email":"admin@sng.in","password":"Abcd@123"} 496 - 88.288 ms
/v1/admin/dashboard 200 GET - 260 - 20.562 ms
/v1/admin/login 200 POST {"email":"admin@sng.in","password":"Abcd@123"} 496 - 84.258 ms
/v1/admin/dashboard 200 GET - 260 - 17.507 ms
/v1/admin/admin-list 304 GET - - - 5.303 ms
/v1/admin/user-list 200 GET - 191173 - 42.760 ms
/v1/admin/get-user-details?user_id=25067 200 GET - 1783 - 10.726 ms
/v1/stake/stacking-history 304 GET - - - 20.323 ms
/v1/admin/admin-stacking-transfer-history 304 GET - - - 19.519 ms
/v1/admin/admin-fund-transfer-history 304 GET - - - 52.085 ms
/uploads/ 404 GET - 147 - 1.840 ms
/v1/admin/all-deposits 200 POST {"status":""} 72 - 5.494 ms
/v1/admin/all-withdrawals 200 POST {"status":""} 75 - 4.501 ms
/v1/admin/all-rewards?skip=0&limit=10 304 GET - - - 9.249 ms
/v1/admin/booster-income?skip=0&limit=10 304 GET - - - 8.878 ms
/v1/admin/dashboard 304 GET - - - 12.052 ms
/v1/admin/all-withdrawals 200 POST {"status":""} 75 - 4.893 ms
/v1/admin/booster-income?skip=0&limit=10 304 GET - - - 7.855 ms
/v1/admin/dashboard 304 GET - - - 17.983 ms
/v1/admin/login 200 POST {"email":"admin@sng.in","password":"Abcd@123"} 496 - 84.322 ms
/v1/admin/dashboard 304 GET - - - 13.557 ms
/v1/admin/admin-list 304 GET - - - 4.189 ms
/v1/admin/user-list 304 GET - - - 37.223 ms
/v1/stake/stacking-history 304 GET - - - 21.371 ms
/v1/admin/admin-stacking-transfer-history 304 GET - - - 20.530 ms
/v1/admin/admin-fund-transfer-history 304 GET - - - 39.903 ms
/uploads/ 404 GET - 147 - 0.813 ms
/v1/admin/all-deposits 200 POST {"status":""} 72 - 4.449 ms
/v1/admin/all-deposits 200 POST {"status":"PENDING"} 88 - 4.218 ms
/v1/admin/all-deposits 200 POST {"status":"PENDING"} 88 - 3.810 ms
/v1/admin/all-withdrawals 200 POST {"status":""} 75 - 3.501 ms
/v1/admin/dashboard 304 GET - - - 12.246 ms
/v1/stake/stacking-history 304 GET - - - 20.804 ms
/v1/admin/dashboard 304 GET - - - 10.740 ms
/v1/stake/stacking-history 304 GET - - - 18.486 ms
/v1/admin/admin-list 304 GET - - - 3.976 ms
/v1/admin/dashboard 304 GET - - - 11.284 ms
/uploads/ 404 GET - 147 - 0.701 ms
/v1/admin/all-deposits 200 POST {"status":""} 72 - 4.056 ms
/v1/admin/all-withdrawals 200 POST {"status":""} 75 - 4.010 ms
/v1/admin/get-all-notification 304 GET - - - 3.778 ms
/v1/admin/all-rewards?skip=0&limit=10 304 GET - - - 8.197 ms
/v1/admin/booster-income?skip=0&limit=10 304 GET - - - 7.042 ms
/v1/admin/get-all-notification 304 GET - - - 3.923 ms
/v1/stake/stacking-history 304 GET - - - 18.835 ms
/v1/admin/admin-stacking-transfer-history 304 GET - - - 16.147 ms
/v1/admin/admin-fund-transfer-history 304 GET - - - 40.452 ms
/v1/admin/user-list 304 GET - - - 51.029 ms
/v1/admin/dashboard 304 GET - - - 12.099 ms
/v1/admin/user-list 304 GET - - - 33.251 ms
/v1/admin/dashboard 304 GET - - - 12.741 ms
/v1/admin/all-withdrawals 200 POST {"status":""} 75 - 8.295 ms
/v1/admin/booster-income?skip=0&limit=10 304 GET - - - 11.613 ms
/v1/admin/user-list 200 GET - 191173 - 39.086 ms
/v1/admin/dashboard 200 GET - 260 - 20.933 ms
/v1/admin/all-user-backup 200 GET - 18053 - 12.422 ms
/v1/admin/login 200 POST {"email":"admin@sng.in","password":"Abcd@123"} 496 - 84.678 ms
/v1/admin/dashboard 304 GET - - - 11.339 ms
/v1/admin/login 200 POST {"email":"admin@sng.in","password":"Abcd@123"} 496 - 85.449 ms
/v1/admin/dashboard 304 GET - - - 12.142 ms
/uploads/ 404 GET - 147 - 0.850 ms
/v1/admin/all-deposits 200 POST {"status":""} 72 - 4.279 ms
/v1/admin/dashboard 304 GET - - - 12.236 ms
/v1/admin/dashboard 304 GET - - - 13.148 ms
/v1/stake/stacking-history 304 GET - - - 22.619 ms
/v1/admin/dashboard 304 GET - - - 13.371 ms
/v1/admin/admin-list 200 GET - 781 - 3.947 ms
/v1/admin/user-list 304 GET - - - 29.630 ms
/v1/stake/stacking-history 304 GET - - - 20.141 ms
/v1/admin/dashboard 304 GET - - - 13.852 ms
/v1/admin/dashboard 304 GET - - - 12.183 ms
/v1/user/login 200 POST {"user_id":"611899","password":"Test@123"} 657 - 81.412 ms
/v1/admin/get-all-notification 403 GET - 102 - 3.140 ms
/v1/admin/get-all-classic-news 403 GET - 102 - 2.253 ms
/v1/user/dashboard 200 GET - 477 - 31.018 ms
/v1/wallet/balance 200 GET - 344 - 4.047 ms
/v1/user/user-details 200 GET - 803 - 14.244 ms
/v1/admin/all-withdrawals 200 POST {"status":""} 75 - 3.872 ms
/v1/admin/dashboard 304 GET - - - 11.926 ms
/v1/admin/all-deposits 200 POST {"status":""} 72 - 3.979 ms
/uploads/ 404 GET - 147 - 0.624 ms
/v1/admin/dashboard 304 GET - - - 12.130 ms
/v1/admin/dashboard 304 GET - - - 12.089 ms
/v1/admin/user-list 200 GET - 191173 - 28.063 ms
/v1/admin/total-income?income_type=sng_roi&skip=0&limit=10 200 GET - 4627 - 7.255 ms
/v1/admin/all-user-backup 200 GET - 18053 - 8.300 ms
/v1/admin/booster-income?skip=0&limit=10 200 GET - 5112 - 8.108 ms
/v1/admin/total-income?income_type=sng_roi&skip=0&limit=10 304 GET - - - 7.138 ms
/v1/admin/get-all-classic-news 403 GET - 102 - 1.480 ms
/v1/wallet/balance 304 GET - - - 3.820 ms
/v1/admin/get-all-notification 403 GET - 102 - 1.360 ms
/v1/user/dashboard 304 GET - - - 21.093 ms
/v1/admin/get-all-classic-news 403 GET - 102 - 3.513 ms
/v1/admin/get-all-notification 403 GET - 102 - 4.681 ms
/v1/wallet/balance 304 GET - - - 6.207 ms
/v1/user/dashboard 304 GET - - - 34.744 ms
/v1/admin/get-all-notification 403 GET - 102 - 2.286 ms
/v1/admin/get-all-classic-news 403 GET - 102 - 1.532 ms
/v1/wallet/balance 304 GET - - - 3.546 ms
/v1/user/dashboard 304 GET - - - 22.461 ms
/v1/admin/get-all-notification 403 GET - 102 - 2.629 ms
/v1/admin/get-all-classic-news 403 GET - 102 - 3.055 ms
/v1/wallet/balance 304 GET - - - 3.636 ms
/v1/user/dashboard 304 GET - - - 38.221 ms
/v1/admin/user-list 200 GET - 191173 - 35.752 ms
/v1/admin/get-user-details?user_id=215558 200 GET - 865 - 9.478 ms
/v1/admin/update-user-staking-status 200 POST {"user_id":"215558","staking_status":"ACTIVE"} 120 - 5.071 ms
/v1/admin/get-user-details?user_id=215558 200 GET - 863 - 7.779 ms
/v1/user/user-details 200 GET - 803 - 14.239 ms
/v1/referral/direct_referral?id=68590098ea021249c63cbe38&index=0 304 GET - - - 5.158 ms
/v1/admin/get-all-notification 403 GET - 102 - 2.744 ms
/v1/user/dashboard 304 GET - - - 26.041 ms
/v1/wallet/balance 304 GET - - - 3.944 ms
/v1/admin/get-all-classic-news 403 GET - 102 - 1.070 ms
/v1/user/user-details 200 GET - 685 - 20.228 ms
/v1/admin/get-all-classic-news 403 GET - 102 - 2.012 ms
/v1/admin/get-all-notification 403 GET - 102 - 3.276 ms
/v1/wallet/balance 304 GET - - - 6.533 ms
/v1/user/dashboard 304 GET - - - 41.735 ms
/v1/user/user-details 304 GET - - - 33.803 ms
/v1/admin/user-list 200 GET - 191173 - 40.489 ms
/v1/admin/get-user-details?user_id=215558 200 GET - 865 - 8.683 ms
/v1/admin/update-user-staking-status 200 POST {"user_id":"215558","staking_status":"ACTIVE"} 120 - 3.861 ms
/v1/admin/get-user-details?user_id=215558 200 GET - 863 - 7.786 ms
/v1/admin/user-list 200 GET - 191171 - 29.850 ms
/v1/admin/get-all-classic-news 403 GET - 102 - 3.326 ms
/v1/admin/get-all-notification 403 GET - 102 - 3.688 ms
/v1/user/dashboard 304 GET - - - 38.897 ms
/v1/wallet/balance 304 GET - - - 11.416 ms
/v1/user/user-details 200 GET - 685 - 30.418 ms
/v1/admin/get-user-details?user_id=215558 200 GET - 865 - 8.585 ms
/v1/admin/get-all-notification 403 GET - 102 - 1.440 ms
/v1/admin/get-all-classic-news 403 GET - 102 - 2.648 ms
/v1/wallet/balance 304 GET - - - 5.708 ms
/v1/user/dashboard 304 GET - - - 38.666 ms
/v1/user/user-details 304 GET - - - 29.883 ms
/v1/user/login 200 POST {"user_id":"215558","password":"Test@123"} 643 - 84.395 ms
/v1/user/user-details 200 GET - 685 - 17.974 ms
/v1/admin/get-all-notification 403 GET - 102 - 1.803 ms
/v1/admin/get-all-classic-news 403 GET - 102 - 1.137 ms
/v1/wallet/balance 304 GET - - - 3.268 ms
/v1/user/dashboard 304 GET - - - 24.673 ms
/v1/user/login 200 POST {"user_id":"611899","password":"Test@123"} 657 - 78.913 ms
/v1/user/user-details 200 GET - 803 - 12.365 ms
/v1/admin/get-all-notification 403 GET - 102 - 1.862 ms
/v1/admin/get-all-classic-news 403 GET - 102 - 2.933 ms
/v1/wallet/balance 200 GET - 344 - 4.444 ms
/v1/user/dashboard 200 GET - 477 - 18.649 ms
/v1/admin/get-all-notification 403 GET - 102 - 5.461 ms
/v1/admin/get-all-classic-news 403 GET - 102 - 1.992 ms
/v1/wallet/balance 304 GET - - - 9.626 ms
/v1/user/dashboard 304 GET - - - 43.472 ms
/v1/user/user-details 200 GET - 685 - 31.254 ms
/v1/admin/update-user-staking-status 200 POST {"user_id":"215558","staking_status":"ACTIVE"} 120 - 4.203 ms
/v1/admin/get-user-details?user_id=215558 200 GET - 863 - 8.488 ms
/v1/user/login 200 POST {"user_id":"611899","password":"Test@123"} 657 - 99.678 ms
/v1/user/user-details 200 GET - 803 - 13.562 ms
/v1/user/dashboard 304 GET - - - 18.047 ms
/v1/admin/get-all-notification 403 GET - 102 - 2.118 ms
/v1/wallet/balance 304 GET - - - 5.947 ms
/v1/admin/get-all-classic-news 403 GET - 102 - 2.167 ms
/v1/admin/get-all-notification 403 GET - 102 - 3.568 ms
/v1/user/dashboard 304 GET - - - 21.727 ms
/v1/admin/get-all-classic-news 403 GET - 102 - 3.185 ms
/v1/wallet/balance 304 GET - - - 6.441 ms
/v1/user/user-details 200 GET - 685 - 22.234 ms
/v1/stake/user-package-list 200 GET - 68 - 5.674 ms
/v1/admin/add-user-stacking 200 POST {"user_id":"215558","amount":1000,"phase":"Phase 2"} 593 - 30.184 ms
/v1/admin/get-user-details?user_id=215558 200 GET - 1457 - 7.869 ms
/v1/admin/get-all-notification 403 GET - 102 - 2.096 ms
/v1/wallet/balance 200 GET - 343 - 2.619 ms
/v1/admin/get-all-classic-news 403 GET - 102 - 1.058 ms
/v1/user/dashboard 200 GET - 691 - 26.537 ms
/v1/admin/get-all-notification 403 GET - 102 - 4.782 ms
/v1/admin/get-all-classic-news 403 GET - 102 - 2.728 ms
/v1/wallet/balance 304 GET - - - 8.293 ms
/v1/user/dashboard 304 GET - - - 42.710 ms
/v1/user/user-details 200 GET - 735 - 27.822 ms
/v1/admin/update-user-staking-status 200 POST {"user_id":"215558","staking_status":"INACTIVE"} 124 - 4.689 ms
/v1/admin/get-user-details?user_id=215558 200 GET - 1459 - 9.795 ms
/v1/admin/get-all-notification 403 GET - 102 - 1.399 ms
/v1/admin/get-all-classic-news 403 GET - 102 - 4.985 ms
/v1/wallet/balance 304 GET - - - 8.482 ms
/v1/user/dashboard 304 GET - - - 43.063 ms
/v1/user/user-details 200 GET - 737 - 41.028 ms
/v1/admin/update-user-staking-status 200 POST {"user_id":"215558","staking_status":"ACTIVE"} 120 - 4.763 ms
/v1/admin/get-user-details?user_id=215558 200 GET - 1457 - 10.020 ms
/v1/admin/login 200 POST {"email":"admin@sng.in","password":"Abcd@123"} 496 - 78.565 ms
/v1/admin/dashboard 200 GET - 260 - 13.914 ms
/v1/admin/get-all-classic-news 403 GET - 102 - 2.752 ms
/v1/admin/get-all-notification 403 GET - 102 - 3.794 ms
/v1/wallet/balance 304 GET - - - 8.953 ms
/v1/user/dashboard 304 GET - - - 34.342 ms
/v1/user/user-details 200 GET - 735 - 32.721 ms
/v1/admin/all-rewards?skip=0&limit=10 200 GET - 888 - 6.349 ms
/v1/admin/booster-income?skip=0&limit=10 200 GET - 5112 - 6.175 ms
/v1/admin/total-income?income_type=sng_roi&skip=0&limit=10 200 GET - 4627 - 7.575 ms
/v1/admin/all-user-backup 200 GET - 18325 - 9.526 ms
/v1/admin/booster-income?skip=0&limit=10 304 GET - - - 6.359 ms
/v1/admin/get-all-notification 200 GET - 64 - 3.410 ms
/v1/admin/user-list 200 GET - 191174 - 31.508 ms
/v1/admin/admin-list 200 GET - 781 - 4.527 ms
/v1/admin/dashboard 304 GET - - - 13.754 ms
/v1/user/dashboard 304 GET - - - 22.048 ms
/v1/user/dashboard 304 GET - - - 26.996 ms
/v1/user/user-details 200 GET - 735 - 21.057 ms
/v1/user/dashboard 304 GET - - - 41.161 ms
/v1/user/user-details 304 GET - - - 43.639 ms
/v1/user/user-details 200 GET - 735 - 24.268 ms
/v1/user/dashboard 304 GET - - - 40.220 ms
/v1/user/user-details 200 GET - 735 - 19.821 ms
/v1/user/dashboard 304 GET - - - 23.431 ms
/v1/wallet/balance 304 GET - - - 6.140 ms
/v1/user/dashboard 304 GET - - - 22.042 ms
/v1/wallet/balance 304 GET - - - 9.182 ms
/v1/user/dashboard 304 GET - - - 29.619 ms
/v1/wallet/balance 304 GET - - - 5.066 ms
/v1/user/dashboard 304 GET - - - 28.250 ms
/v1/admin/admin-list 304 GET - - - 3.646 ms
/v1/admin/admin-list 304 GET - - - 3.751 ms
/v1/admin/dashboard 200 GET - 260 - 9.565 ms
/v1/admin/dashboard 304 GET - - - 11.357 ms
/v1/admin/dashboard 304 GET - - - 11.050 ms
/v1/admin/admin-list 304 GET - - - 3.821 ms
/v1/user/login 200 POST {"user_id":"611899","password":"Test@123"} 657 - 78.438 ms
/v1/user/user-details 200 GET - 803 - 12.310 ms
/v1/admin/get-all-notification 403 GET - 102 - 2.242 ms
/v1/admin/get-all-classic-news 403 GET - 102 - 2.447 ms
/v1/wallet/balance 200 GET - 344 - 3.771 ms
/v1/user/dashboard 200 GET - 477 - 23.027 ms
/v1/admin/get-all-notification 200 GET - 64 - 2.856 ms
/v1/admin/user-list 200 GET - 191174 - 27.470 ms
/v1/admin/all-rewards?skip=0&limit=10 304 GET - - - 8.141 ms
/v1/admin/all-rewards?skip=0&limit=10 304 GET - - - 6.946 ms
/v1/admin/all-rewards?skip=0&limit=10 304 GET - - - 10.334 ms
/v1/admin/all-rewards?skip=0&limit=10 304 GET - - - 8.685 ms
/v1/user/login 200 POST {"user_id":"611899","password":"Test@123"} 657 - 84.615 ms
/v1/user/user-details 200 GET - 803 - 16.452 ms
/v1/admin/get-all-notification 403 GET - 102 - 2.080 ms
/v1/user/dashboard 200 GET - 477 - 20.299 ms
/v1/wallet/balance 200 GET - 344 - 3.812 ms
/v1/admin/get-all-classic-news 403 GET - 102 - 1.285 ms
/v1/user/user-details 200 GET - 803 - 27.798 ms
/v1/user/login 200 POST {"user_id":"215558","password":"Test@123"} 643 - 79.380 ms
/v1/admin/get-all-notification 403 GET - 102 - 1.241 ms
/v1/admin/get-all-classic-news 403 GET - 102 - 3.244 ms
/v1/wallet/balance 200 GET - 343 - 12.638 ms
/v1/user/user-details 200 GET - 735 - 46.629 ms
/v1/user/dashboard 200 GET - 691 - 50.775 ms
/v1/admin/all-rewards?skip=0&limit=10 200 GET - 888 - 8.634 ms
/v1/admin/all-rewards?skip=0&limit=10 304 GET - - - 15.521 ms
/v1/user/user-details 304 GET - - - 13.281 ms
/v1/user/user-details 304 GET - - - 17.134 ms
/v1/admin/admin-list 304 GET - - - 4.174 ms
/v1/admin/get-all-notification 304 GET - - - 3.248 ms
/v1/admin/all-rewards?skip=0&limit=10 304 GET - - - 9.619 ms
/v1/admin/booster-income?skip=0&limit=10 304 GET - - - 6.940 ms
/v1/admin/total-income?income_type=sng_roi&skip=0&limit=10 304 GET - - - 9.085 ms
/v1/admin/all-user-backup 304 GET - - - 10.176 ms
/v1/admin/booster-income?skip=0&limit=10 304 GET - - - 6.958 ms
/v1/admin/get-all-notification 304 GET - - - 3.016 ms
/v1/admin/all-rewards?skip=0&limit=10 304 GET - - - 8.071 ms
/v1/admin/all-deposits 200 POST {"status":""} 72 - 4.949 ms
/uploads/ 404 GET - 147 - 0.719 ms
/v1/admin/all-withdrawals 200 POST {"status":""} 75 - 3.437 ms
/v1/stake/stacking-history 200 GET - 45172 - 22.878 ms
/v1/admin/admin-stacking-transfer-history 200 GET - 40037 - 17.600 ms
/v1/admin/admin-fund-transfer-history 200 GET - 106181 - 34.612 ms
/v1/admin/user-list 200 GET - 191174 - 26.951 ms
/v1/admin/get-user-details?user_id=367033 200 GET - 2320 - 11.678 ms
/v1/admin/user-direct-referred?id=685b7eff57000e30fe39bea2&index=0 200 GET - 2096 - 15.289 ms
/v1/user/user-details 200 GET - 803 - 12.598 ms
/v1/admin/booster-income?skip=0&limit=10 304 GET - - - 6.331 ms
/v1/admin/all-rewards?skip=0&limit=10 304 GET - - - 6.845 ms
/v1/admin/booster-income?skip=0&limit=10 304 GET - - - 5.916 ms
/v1/user/user-details 304 GET - - - 16.201 ms
/v1/user/login 200 POST {"user_id":"611899","password":"Test@123"} 657 - 81.379 ms
/v1/user/user-details 200 GET - 803 - 12.905 ms
/v1/admin/get-all-classic-news 403 GET - 102 - 3.987 ms
/v1/admin/get-all-notification 403 GET - 102 - 3.650 ms
/v1/user/dashboard 200 GET - 477 - 27.697 ms
/v1/wallet/balance 200 GET - 344 - 4.685 ms
/v1/user/user-details 200 GET - 735 - 23.746 ms
/v1/admin/login 200 POST {"email":"admin@sng.in","password":"Abcd@123"} 496 - 82.243 ms
/v1/admin/dashboard 200 GET - 260 - 15.596 ms
/v1/admin/booster-income?skip=0&limit=10 200 GET - 5112 - 5.963 ms
/v1/admin/booster-income?skip=0&limit=10 304 GET - - - 7.179 ms
/v1/admin/dashboard 304 GET - - - 10.672 ms
/v1/admin/admin-list 304 GET - - - 4.397 ms
/v1/admin/admin-stacking-transfer-history 304 GET - - - 19.383 ms
/v1/stake/stacking-history 304 GET - - - 22.806 ms
/v1/admin/admin-fund-transfer-history 304 GET - - - 43.931 ms
/v1/admin/user-list 200 GET - 191174 - 32.961 ms
/v1/admin/get-user-details?user_id=768010 200 GET - 1817 - 10.215 ms
/v1/admin/user-direct-referred?id=685b7ea657000e30fe39bd69&index=0 200 GET - 1099 - 11.322 ms
/v1/admin/booster-income?skip=0&limit=10 304 GET - - - 6.905 ms
/v1/admin/user-list 304 GET - - - 27.314 ms
/v1/admin/get-user-details?user_id=621241 200 GET - 1805 - 8.542 ms
/v1/admin/booster-income?skip=0&limit=10 304 GET - - - 5.941 ms
/v1/admin/user-direct-referred?id=685b7d6357000e30fe39baa6&index=0 200 GET - 3098 - 13.123 ms
/v1/admin/user-direct-referred?id=685b7d6357000e30fe39baa6&index=0 304 GET - - - 16.370 ms
/v1/admin/user-direct-referred?id=685b7d6357000e30fe39baa6&index=0 304 GET - - - 13.224 ms
/v1/admin/user-direct-referred?id=685b7d6357000e30fe39baa6&index=0 304 GET - - - 15.630 ms
/v1/wallet/balance 304 GET - - - 3.509 ms
/v1/user/dashboard 304 GET - - - 27.440 ms
/v1/user/login 406 POST {"user_id":"23338","password":"Test@123"} 79 - 2.633 ms
/v1/user/login 406 POST {"user_id":"25558","password":"Test@123"} 79 - 2.419 ms
/v1/admin/total-income?income_type=sng_roi&skip=0&limit=10 200 GET - 4627 - 8.139 ms
/v1/user/login 200 POST {"user_id":"215558","password":"Test@123"} 643 - 78.618 ms
/v1/user/user-details 200 GET - 735 - 20.038 ms
/v1/admin/get-all-notification 403 GET - 102 - 1.967 ms
/v1/admin/get-all-classic-news 403 GET - 102 - 1.574 ms
/v1/wallet/balance 200 GET - 343 - 4.290 ms
/v1/user/dashboard 200 GET - 691 - 27.286 ms
/v1/stake/income-list?type=sng_roi&skip=0&limit=10 200 GET - 195 - 11.858 ms
/v1/stake/income-list?type=sng_direct_referral&skip=0&limit=10 200 GET - 1947 - 14.333 ms
/v1/stake/income-list?type=sng_level&skip=0&limit=10 200 GET - 3734 - 13.224 ms
/v1/stake/income-list?type=sng_royalty&skip=0&limit=10 200 GET - 195 - 13.201 ms
/v1/stake/income-list?type=sng_rewards&skip=0&limit=10 200 GET - 195 - 18.058 ms
/v1/wallet/balance 304 GET - - - 4.649 ms
/v1/wallet/wallet-history?type=WITHDRAWAL 200 GET - 73 - 3.688 ms
/ 200 GET - 56 - 0.784 ms
/v1/stake/user-package-list 200 GET - 638 - 5.952 ms
/v1/user/user-to-user-transfer-history 200 GET - 64 - 5.161 ms
/v1/admin/fund-transfer-history-by-admin/215558 200 GET - 308 - 4.169 ms
/v1/referral/direct_referral?id=6858f766b13ae8ef408e83ae&index=0 200 GET - 1451 - 15.367 ms
/v1/admin/all-rewards?skip=0&limit=10 304 GET - - - 8.595 ms
/v1/stake/income-list?type=sng_level&skip=0&limit=10 200 GET - 3734 - 17.709 ms
/v1/admin/total-income?income_type=sng_roi&skip=0&limit=10 304 GET - - - 7.473 ms
/v1/admin/total-income?income_type=sng_roi&skip=0&limit=10 304 GET - - - 8.109 ms
/v1/admin/user-list 200 GET - 191174 - 36.489 ms
/v1/admin/get-user-details?user_id=768010 304 GET - - - 10.954 ms
/v1/admin/user-direct-referred?id=685b7ea657000e30fe39bd69&index=0 304 GET - - - 12.019 ms
/v1/admin/total-income?income_type=sng_roi&skip=0&limit=10 304 GET - - - 8.105 ms
/v1/admin/user-list 304 GET - - - 38.811 ms
/v1/admin/total-income?income_type=sng_roi&skip=0&limit=10 304 GET - - - 6.504 ms
/v1/admin/total-income?income_type=sng_roi&skip=0&limit=10 304 GET - - - 9.334 ms
/v1/admin/total-income?income_type=sng_roi&skip=0&limit=10 304 GET - - - 7.044 ms
/v1/admin/total-income?income_type=sng_level&skip=0&limit=10 200 GET - 4485 - 7.893 ms
/v1/admin/total-income?income_type=sng_roi&skip=0&limit=10 304 GET - - - 8.014 ms
/v1/admin/get-user-details?user_id=350178 200 GET - 1784 - 11.169 ms
/v1/admin/user-direct-referred?id=685b7e2657000e30fe39bc26&index=0 200 GET - 97 - 5.822 ms
/v1/admin/user-list 304 GET - - - 28.271 ms
/v1/admin/get-user-details?user_id=768010 304 GET - - - 21.943 ms
/v1/admin/user-direct-referred?id=685b7ea657000e30fe39bd69&index=0 304 GET - - - 9.706 ms
/v1/admin/all-user-backup 200 GET - 18325 - 9.934 ms
/v1/admin/total-income?income_type=sng_roi&skip=0&limit=10 304 GET - - - 9.116 ms
/v1/admin/user-list 304 GET - - - 30.084 ms
/v1/admin/get-user-details?user_id=367033 304 GET - - - 8.398 ms
/v1/admin/user-direct-referred?id=685b7eff57000e30fe39bea2&index=0 304 GET - - - 11.348 ms
/v1/admin/user-list 304 GET - - - 28.615 ms
/v1/admin/get-user-details?user_id=367033 304 GET - - - 9.228 ms
/v1/admin/user-direct-referred?id=685b7eff57000e30fe39bea2&index=0 304 GET - - - 10.801 ms
/v1/admin/user-list 304 GET - - - 31.096 ms
/v1/admin/total-income?income_type=sng_roi&skip=0&limit=10 304 GET - - - 6.899 ms
/v1/admin/get-user-details?user_id=367033 304 GET - - - 11.812 ms
/v1/admin/user-direct-referred?id=685b7eff57000e30fe39bea2&index=0 304 GET - - - 11.100 ms
/v1/admin/total-income?income_type=sng_level&skip=0&limit=10 304 GET - - - 6.265 ms
/v1/admin/total-income?income_type=sng_roi&skip=0&limit=10 304 GET - - - 7.037 ms
/v1/admin/total-income?income_type=sng_level&skip=0&limit=10 304 GET - - - 6.157 ms
/v1/admin/all-user-backup 304 GET - - - 9.414 ms
/v1/admin/user-list 304 GET - - - 30.484 ms
/v1/admin/user-list 304 GET - - - 32.116 ms
/v1/admin/get-user-details?user_id=367033 304 GET - - - 8.787 ms
/v1/admin/user-direct-referred?id=685b7eff57000e30fe39bea2&index=0 304 GET - - - 10.486 ms
/v1/stake/stacking-history 200 GET - 45172 - 18.198 ms
/v1/admin/user-list 200 GET - 191174 - 28.227 ms
/v1/admin/user-list 304 GET - - - 37.553 ms
/v1/admin/user-list 304 GET - - - 34.604 ms
/v1/admin/user-list 304 GET - - - 30.946 ms
/v1/stake/stacking-history 304 GET - - - 20.366 ms
/v1/stake/stacking-history 304 GET - - - 22.079 ms
/v1/admin/user-list 304 GET - - - 26.042 ms
/v1/admin/user-list 304 GET - - - 36.750 ms
/v1/admin/user-list 304 GET - - - 26.974 ms
/v1/admin/user-list 304 GET - - - 24.393 ms
/v1/admin/user-list 304 GET - - - 26.654 ms
/v1/stake/stacking-history 304 GET - - - 20.508 ms
/v1/admin/get-user-details?user_id=367033 304 GET - - - 8.125 ms
/v1/admin/user-direct-referred?id=685b7eff57000e30fe39bea2&index=0 304 GET - - - 12.186 ms
/v1/stake/stacking-history 304 GET - - - 16.719 ms
/v1/stake/stacking-history 304 GET - - - 17.223 ms
/v1/stake/stacking-history 304 GET - - - 16.743 ms
/v1/admin/user-list 304 GET - - - 27.837 ms
/v1/admin/user-list 304 GET - - - 25.345 ms
/v1/admin/user-list 304 GET - - - 25.194 ms
/v1/admin/get-user-details?user_id=367033 304 GET - - - 9.378 ms
/v1/stake/stacking-history 304 GET - - - 22.174 ms
/v1/admin/user-list 304 GET - - - 28.324 ms
/v1/admin/get-user-details?user_id=367033 304 GET - - - 9.029 ms
/v1/admin/user-list 304 GET - - - 25.972 ms
/v1/stake/stacking-history 304 GET - - - 18.504 ms
/v1/admin/user-list 304 GET - - - 30.139 ms
/v1/stake/stacking-history 304 GET - - - 16.871 ms
/v1/admin/user-list 304 GET - - - 22.963 ms
/v1/admin/get-user-details?user_id=367033 304 GET - - - 8.978 ms
/v1/admin/user-direct-referred?id=685b7eff57000e30fe39bea2&index=0 304 GET - - - 14.312 ms
/v1/admin/admin-stacking-transfer-history 200 GET - 40037 - 14.837 ms
/v1/stake/stacking-history 304 GET - - - 17.724 ms
/v1/stake/stacking-history 304 GET - - - 28.031 ms
/v1/admin/admin-stacking-transfer-history 304 GET - - - 19.009 ms
/v1/admin/user-list 304 GET - - - 26.536 ms
/v1/admin/get-user-details?user_id=367033 304 GET - - - 9.398 ms
/v1/admin/user-direct-referred?id=685b7eff57000e30fe39bea2&index=0 304 GET - - - 14.354 ms
/v1/admin/admin-stacking-transfer-history 304 GET - - - 16.892 ms
/v1/admin/admin-stacking-transfer-history 304 GET - - - 21.901 ms
/v1/admin/admin-stacking-transfer-history 304 GET - - - 18.210 ms
/v1/admin/admin-stacking-transfer-history 304 GET - - - 20.969 ms
/v1/admin/admin-stacking-transfer-history 304 GET - - - 18.220 ms
/v1/admin/admin-stacking-transfer-history 304 GET - - - 24.335 ms
/v1/admin/admin-fund-transfer-history 200 GET - 106181 - 46.192 ms
/v1/admin/admin-fund-transfer-history 304 GET - - - 31.137 ms
/v1/admin/admin-fund-transfer-history 304 GET - - - 34.723 ms
/v1/admin/user-list 304 GET - - - 30.592 ms
/v1/admin/user-list 304 GET - - - 27.363 ms
/v1/admin/admin-fund-transfer-history 304 GET - - - 31.022 ms
/v1/admin/admin-fund-transfer-history 304 GET - - - 28.144 ms
/v1/admin/user-list 304 GET - - - 25.891 ms
/v1/admin/get-user-details?user_id=367033 304 GET - - - 11.069 ms
/v1/admin/user-direct-referred?id=685b7eff57000e30fe39bea2&index=0 304 GET - - - 10.192 ms
/v1/admin/user-list 304 GET - - - 27.494 ms
/v1/admin/get-user-details?user_id=367033 304 GET - - - 10.080 ms
/v1/admin/admin-fund-transfer-history 304 GET - - - 38.821 ms
/v1/admin/user-list 304 GET - - - 28.167 ms
/v1/admin/get-user-details?user_id=367033 304 GET - - - 9.975 ms
/v1/admin/user-list 304 GET - - - 29.916 ms
/v1/admin/admin-fund-transfer-history 304 GET - - - 36.933 ms
/v1/admin/user-list 200 GET - 191174 - 26.259 ms
/v1/admin/admin-fund-transfer-history 304 GET - - - 37.955 ms
/v1/admin/get-user-details?user_id=367033 304 GET - - - 9.904 ms
/v1/admin/admin-fund-transfer-history 304 GET - - - 30.906 ms
/v1/admin/admin-fund-transfer-history 304 GET - - - 32.578 ms
/v1/admin/user-list 304 GET - - - 34.584 ms
/v1/admin/get-user-details?user_id=367033 304 GET - - - 11.013 ms
/v1/admin/user-list 304 GET - - - 27.031 ms
/v1/admin/get-user-details?user_id=367033 304 GET - - - 7.775 ms
/v1/admin/total-income?income_type=sng_roi&skip=0&limit=10 304 GET - - - 11.647 ms
